<?xml version="1.0" encoding="UTF-8"?>
<coverage generated="1712341657231" clover="3.2.0">
  <project timestamp="1712341657231" name="All files">
    <metrics statements="19" coveredstatements="17" conditionals="10" coveredconditionals="5" methods="10" coveredmethods="8" elements="39" coveredelements="30" complexity="0" loc="19" ncloc="19" packages="3" files="6" classes="6"/>
    <package name="src">
      <metrics statements="2" coveredstatements="2" conditionals="0" coveredconditionals="0" methods="2" coveredmethods="2"/>
      <file name="multiply.js" path="/Users/fedinchuk/Documents/node-example/src/multiply.js">
        <metrics statements="1" coveredstatements="1" conditionals="0" coveredconditionals="0" methods="1" coveredmethods="1"/>
        <line num="2" count="1" type="stmt"/>
      </file>
      <file name="sum.js" path="/Users/fedinchuk/Documents/node-example/src/sum.js">
        <metrics statements="1" coveredstatements="1" conditionals="0" coveredconditionals="0" methods="1" coveredmethods="1"/>
        <line num="2" count="1" type="stmt"/>
      </file>
    </package>
    <package name="src.components">
      <metrics statements="14" coveredstatements="13" conditionals="6" coveredconditionals="4" methods="6" coveredmethods="5"/>
      <file name="ButtonT.jsx" path="/Users/fedinchuk/Documents/node-example/src/components/ButtonT.jsx">
        <metrics statements="3" coveredstatements="3" conditionals="2" coveredconditionals="2" methods="2" coveredmethods="2"/>
        <line num="4" count="2" type="stmt"/>
        <line num="5" count="2" type="stmt"/>
        <line num="6" count="1" type="stmt"/>
      </file>
      <file name="CounterOld.jsx" path="/Users/fedinchuk/Documents/node-example/src/components/CounterOld.jsx">
        <metrics statements="7" coveredstatements="6" conditionals="0" coveredconditionals="0" methods="3" coveredmethods="2"/>
        <line num="5" count="3" type="stmt"/>
        <line num="6" count="3" type="stmt"/>
        <line num="8" count="3" type="stmt"/>
        <line num="9" count="1" type="stmt"/>
        <line num="12" count="3" type="stmt"/>
        <line num="13" count="0" type="stmt"/>
        <line num="16" count="3" type="stmt"/>
      </file>
      <file name="Joke.jsx" path="/Users/fedinchuk/Documents/node-example/src/components/Joke.jsx">
        <metrics statements="4" coveredstatements="4" conditionals="4" coveredconditionals="2" methods="1" coveredmethods="1"/>
        <line num="5" count="1" type="stmt"/>
        <line num="7" count="1" type="cond" truecount="1" falsecount="1"/>
        <line num="8" count="1" type="cond" truecount="1" falsecount="1"/>
        <line num="10" count="1" type="stmt"/>
      </file>
    </package>
    <package name="src.components.Button">
      <metrics statements="3" coveredstatements="2" conditionals="4" coveredconditionals="1" methods="2" coveredmethods="1"/>
      <file name="Button.jsx" path="/Users/fedinchuk/Documents/node-example/src/components/Button/Button.jsx">
        <metrics statements="3" coveredstatements="2" conditionals="4" coveredconditionals="1" methods="2" coveredmethods="1"/>
        <line num="4" count="1" type="stmt"/>
        <line num="5" count="0" type="cond" truecount="0" falsecount="2"/>
        <line num="13" count="6" type="stmt"/>
      </file>
    </package>
  </project>
</coverage>
