{"/Users/fedinchuk/Documents/node-example/src/multiply.js": {"path":"/Users/fedinchuk/Documents/node-example/src/multiply.js","statementMap":{"0":{"start":{"line":2,"column":2},"end":{"line":2,"column":15}}},"fnMap":{"0":{"name":"multiply","decl":{"start":{"line":1,"column":9},"end":{"line":1,"column":17}},"loc":{"start":{"line":1,"column":24},"end":{"line":3,"column":1}},"line":1}},"branchMap":{},"s":{"0":1},"f":{"0":1},"b":{},"_coverageSchema":"1a1c01bbd47fc00a2c39e90264f33305004495a9","hash":"e35aca305fa838f8f52664f4f854e9ef5ae0b24d"}
,"/Users/fedinchuk/Documents/node-example/src/sum.js": {"path":"/Users/fedinchuk/Documents/node-example/src/sum.js","statementMap":{"0":{"start":{"line":2,"column":2},"end":{"line":2,"column":15}}},"fnMap":{"0":{"name":"sum","decl":{"start":{"line":1,"column":9},"end":{"line":1,"column":12}},"loc":{"start":{"line":1,"column":19},"end":{"line":3,"column":1}},"line":1}},"branchMap":{},"s":{"0":1},"f":{"0":1},"b":{},"_coverageSchema":"1a1c01bbd47fc00a2c39e90264f33305004495a9","hash":"f3068bf29e51453b1339e7fc597a088b9b3d0932"}
,"/Users/fedinchuk/Documents/node-example/src/components/ButtonT.jsx": {"path":"/Users/fedinchuk/Documents/node-example/src/components/ButtonT.jsx","statementMap":{"0":{"start":{"line":4,"column":38},"end":{"line":4,"column":52}},"1":{"start":{"line":5,"column":2},"end":{"line":9,"column":4}},"2":{"start":{"line":6,"column":41},"end":{"line":6,"column":61}}},"fnMap":{"0":{"name":"ButtonT","decl":{"start":{"line":3,"column":24},"end":{"line":3,"column":31}},"loc":{"start":{"line":3,"column":34},"end":{"line":10,"column":1}},"line":3},"1":{"name":"(anonymous_1)","decl":{"start":{"line":6,"column":35},"end":{"line":6,"column":36}},"loc":{"start":{"line":6,"column":41},"end":{"line":6,"column":61}},"line":6}},"branchMap":{"0":{"loc":{"start":{"line":7,"column":7},"end":{"line":7,"column":41}},"type":"cond-expr","locations":[{"start":{"line":7,"column":20},"end":{"line":7,"column":28}},{"start":{"line":7,"column":31},"end":{"line":7,"column":41}}],"line":7}},"s":{"0":2,"1":2,"2":1},"f":{"0":2,"1":1},"b":{"0":[1,1]},"_coverageSchema":"1a1c01bbd47fc00a2c39e90264f33305004495a9","hash":"c217d37df509f14c5ddd6d10a902180f0b09de92"}
,"/Users/fedinchuk/Documents/node-example/src/components/CounterOld.jsx": {"path":"/Users/fedinchuk/Documents/node-example/src/components/CounterOld.jsx","statementMap":{"0":{"start":{"line":5,"column":28},"end":{"line":5,"column":39}},"1":{"start":{"line":6,"column":46},"end":{"line":6,"column":57}},"2":{"start":{"line":8,"column":20},"end":{"line":10,"column":3}},"3":{"start":{"line":9,"column":4},"end":{"line":9,"column":24}},"4":{"start":{"line":12,"column":20},"end":{"line":14,"column":3}},"5":{"start":{"line":13,"column":4},"end":{"line":13,"column":42}},"6":{"start":{"line":16,"column":2},"end":{"line":24,"column":4}}},"fnMap":{"0":{"name":"Counter","decl":{"start":{"line":4,"column":24},"end":{"line":4,"column":31}},"loc":{"start":{"line":4,"column":34},"end":{"line":25,"column":1}},"line":4},"1":{"name":"(anonymous_1)","decl":{"start":{"line":8,"column":20},"end":{"line":8,"column":21}},"loc":{"start":{"line":8,"column":26},"end":{"line":10,"column":3}},"line":8},"2":{"name":"(anonymous_2)","decl":{"start":{"line":12,"column":20},"end":{"line":12,"column":21}},"loc":{"start":{"line":12,"column":26},"end":{"line":14,"column":3}},"line":12}},"branchMap":{},"s":{"0":3,"1":3,"2":3,"3":1,"4":3,"5":0,"6":3},"f":{"0":3,"1":1,"2":0},"b":{},"_coverageSchema":"1a1c01bbd47fc00a2c39e90264f33305004495a9","hash":"ccccb824c11090ccce903dcc091e525156f4ae02"}
,"/Users/fedinchuk/Documents/node-example/src/components/Joke.jsx": {"path":"/Users/fedinchuk/Documents/node-example/src/components/Joke.jsx","statementMap":{"0":{"start":{"line":5,"column":35},"end":{"line":5,"column":86}},"1":{"start":{"line":7,"column":2},"end":{"line":7,"column":53}},"2":{"start":{"line":7,"column":15},"end":{"line":7,"column":53}},"3":{"start":{"line":8,"column":2},"end":{"line":8,"column":50}},"4":{"start":{"line":8,"column":13},"end":{"line":8,"column":50}},"5":{"start":{"line":10,"column":2},"end":{"line":14,"column":4}}},"fnMap":{"0":{"name":"Joke","decl":{"start":{"line":4,"column":24},"end":{"line":4,"column":28}},"loc":{"start":{"line":4,"column":31},"end":{"line":15,"column":1}},"line":4}},"branchMap":{"0":{"loc":{"start":{"line":7,"column":2},"end":{"line":7,"column":53}},"type":"if","locations":[{"start":{"line":7,"column":2},"end":{"line":7,"column":53}},{"start":{},"end":{}}],"line":7},"1":{"loc":{"start":{"line":8,"column":2},"end":{"line":8,"column":50}},"type":"if","locations":[{"start":{"line":8,"column":2},"end":{"line":8,"column":50}},{"start":{},"end":{}}],"line":8}},"s":{"0":1,"1":1,"2":0,"3":1,"4":0,"5":1},"f":{"0":1},"b":{"0":[0,1],"1":[0,1]},"_coverageSchema":"1a1c01bbd47fc00a2c39e90264f33305004495a9","hash":"7930be2c521f980c06f591edc7b53be7fd639d40"}
,"/Users/fedinchuk/Documents/node-example/src/components/Button/Button.jsx": {"path":"/Users/fedinchuk/Documents/node-example/src/components/Button/Button.jsx","statementMap":{"0":{"start":{"line":4,"column":21},"end":{"line":10,"column":1}},"1":{"start":{"line":5,"column":28},"end":{"line":5,"column":59}},"2":{"start":{"line":13,"column":2},"end":{"line":21,"column":4}}},"fnMap":{"0":{"name":"(anonymous_0)","decl":{"start":{"line":5,"column":16},"end":{"line":5,"column":17}},"loc":{"start":{"line":5,"column":28},"end":{"line":5,"column":59}},"line":5},"1":{"name":"Button","decl":{"start":{"line":12,"column":9},"end":{"line":12,"column":15}},"loc":{"start":{"line":12,"column":23},"end":{"line":22,"column":1}},"line":12}},"branchMap":{"0":{"loc":{"start":{"line":5,"column":28},"end":{"line":5,"column":59}},"type":"cond-expr","locations":[{"start":{"line":5,"column":44},"end":{"line":5,"column":50}},{"start":{"line":5,"column":53},"end":{"line":5,"column":59}}],"line":5},"1":{"loc":{"start":{"line":16,"column":17},"end":{"line":16,"column":77}},"type":"cond-expr","locations":[{"start":{"line":16,"column":38},"end":{"line":16,"column":55}},{"start":{"line":16,"column":58},"end":{"line":16,"column":77}}],"line":16}},"s":{"0":1,"1":0,"2":6},"f":{"0":0,"1":6},"b":{"0":[0,0],"1":[0,6]},"_coverageSchema":"1a1c01bbd47fc00a2c39e90264f33305004495a9","hash":"725c1f7cab55223e81a59bf164f02939891ef146"}
}
