TN:
SF:src/multiply.js
FN:1,multiply
FNF:1
FNH:1
FNDA:1,multiply
DA:2,1
LF:1
LH:1
BRF:0
BRH:0
end_of_record
TN:
SF:src/sum.js
FN:1,sum
FNF:1
FNH:1
FNDA:1,sum
DA:2,1
LF:1
LH:1
BRF:0
BRH:0
end_of_record
TN:
SF:src/components/ButtonT.jsx
FN:3,ButtonT
FN:6,(anonymous_1)
FNF:2
FNH:2
FNDA:2,ButtonT
FNDA:1,(anonymous_1)
DA:4,2
DA:5,2
DA:6,1
LF:3
LH:3
BRDA:7,0,0,1
BRDA:7,0,1,1
BRF:2
BRH:2
end_of_record
TN:
SF:src/components/CounterOld.jsx
FN:4,Counter
FN:8,(anonymous_1)
FN:12,(anonymous_2)
FNF:3
FNH:2
FNDA:3,Counter
FNDA:1,(anonymous_1)
FNDA:0,(anonymous_2)
DA:5,3
DA:6,3
DA:8,3
DA:9,1
DA:12,3
DA:13,0
DA:16,3
LF:7
LH:6
BRF:0
BRH:0
end_of_record
TN:
SF:src/components/Joke.jsx
FN:4,Joke
FNF:1
FNH:1
FNDA:1,Joke
DA:5,1
DA:7,1
DA:8,1
DA:10,1
LF:4
LH:4
BRDA:7,0,0,0
BRDA:7,0,1,1
BRDA:8,1,0,0
BRDA:8,1,1,1
BRF:4
BRH:2
end_of_record
TN:
SF:src/components/Button/Button.jsx
FN:5,(anonymous_0)
FN:12,Button
FNF:2
FNH:1
FNDA:0,(anonymous_0)
FNDA:6,Button
DA:4,1
DA:5,0
DA:13,6
LF:3
LH:2
BRDA:5,0,0,0
BRDA:5,0,1,0
BRDA:16,1,0,0
BRDA:16,1,1,6
BRF:4
BRH:1
end_of_record
